<?xml version="1.0" encoding="UTF-8"?>
<testng-results ignored="0" total="1" passed="1" failed="0" skipped="0">
  <reporter-output>
  </reporter-output>
  <suite started-at="2020-07-09T08:12:50Z" name="Verify Magento " finished-at="2020-07-09T08:14:14Z" duration-ms="83596">
    <groups>
    </groups>
    <test started-at="2020-07-09T08:12:50Z" name="Test Checkout Page" finished-at="2020-07-09T08:14:14Z" duration-ms="83596">
      <class name="testcases.CheckoutPageTest">
        <test-method is-config="true" signature="initDriver()[pri:0, instance:testcases.CheckoutPageTest@1ce93c18]" started-at="2020-07-09T08:12:50Z" name="initDriver" finished-at="2020-07-09T08:12:59Z" duration-ms="9120" status="PASS">
          <reporter-output>
          </reporter-output>
        </test-method> <!-- initDriver -->
        <test-method is-config="true" signature="preCondition()[pri:0, instance:testcases.CheckoutPageTest@1ce93c18]" started-at="2020-07-09T08:12:59Z" name="preCondition" finished-at="2020-07-09T08:13:06Z" depends-on-methods="testcases.BaseTest.initDriver" duration-ms="6867" status="PASS">
          <reporter-output>
          </reporter-output>
        </test-method> <!-- preCondition -->
        <test-method signature="verifyCheckOutpage()[pri:0, instance:testcases.CheckoutPageTest@1ce93c18]" started-at="2020-07-09T08:13:06Z" name="verifyCheckOutpage" finished-at="2020-07-09T08:14:13Z" duration-ms="66245" status="PASS">
          <reporter-output>
          </reporter-output>
        </test-method> <!-- verifyCheckOutpage -->
        <test-method is-config="true" signature="tearDown()[pri:0, instance:testcases.CheckoutPageTest@1ce93c18]" started-at="2020-07-09T08:14:13Z" name="tearDown" finished-at="2020-07-09T08:14:14Z" duration-ms="1030" status="PASS">
          <reporter-output>
          </reporter-output>
        </test-method> <!-- tearDown -->
      </class> <!-- testcases.CheckoutPageTest -->
    </test> <!-- Test Checkout Page -->
  </suite> <!-- Verify Magento  -->
</testng-results>
