<?xml version="1.0" encoding="UTF-8"?>
<testng-results ignored="0" total="28" passed="27" failed="1" skipped="0">
  <reporter-output>
  </reporter-output>
  <suite started-at="2020-07-09T11:32:29Z" name="Verify Magento " finished-at="2020-07-09T11:48:16Z" duration-ms="946151">
    <groups>
    </groups>
    <test started-at="2020-07-09T11:32:29Z" name="Test Login" finished-at="2020-07-09T11:34:37Z" duration-ms="127697">
      <class name="testcases.LoginPageTest">
        <test-method is-config="true" signature="initDriver()[pri:0, instance:testcases.LoginPageTest@56febdc]" started-at="2020-07-09T11:32:29Z" name="initDriver" finished-at="2020-07-09T11:32:46Z" duration-ms="16161" status="PASS">
          <reporter-output>
          </reporter-output>
        </test-method> <!-- initDriver -->
        <test-method is-config="true" signature="preCondition()[pri:0, instance:testcases.LoginPageTest@56febdc]" started-at="2020-07-09T11:32:46Z" name="preCondition" finished-at="2020-07-09T11:32:46Z" duration-ms="11" status="PASS">
          <reporter-output>
          </reporter-output>
        </test-method> <!-- preCondition -->
        <test-method signature="testLoginWithInvalidEmail(java.lang.String, java.lang.String)[pri:1, instance:testcases.LoginPageTest@56febdc]" started-at="2020-07-09T11:32:46Z" name="testLoginWithInvalidEmail" data-provider="test_email" finished-at="2020-07-09T11:33:18Z" duration-ms="32510" status="PASS">
          <params>
            <param index="0">
              <value>
                <![CDATA[@#$%]]>
              </value>
            </param>
            <param index="1">
              <value>
                <![CDATA[Thao123456#]]>
              </value>
            </param>
          </params>
          <reporter-output>
          </reporter-output>
        </test-method> <!-- testLoginWithInvalidEmail -->
        <test-method signature="testLoginWithInvalidEmail(java.lang.String, java.lang.String)[pri:1, instance:testcases.LoginPageTest@56febdc]" started-at="2020-07-09T11:33:19Z" name="testLoginWithInvalidEmail" data-provider="test_email" finished-at="2020-07-09T11:33:36Z" duration-ms="17494" status="PASS">
          <params>
            <param index="0">
              <value>
                <![CDATA[]]>
              </value>
            </param>
            <param index="1">
              <value>
                <![CDATA[Thao123456#]]>
              </value>
            </param>
          </params>
          <reporter-output>
          </reporter-output>
        </test-method> <!-- testLoginWithInvalidEmail -->
        <test-method signature="testLoginWithInvalidPass(java.lang.String, java.lang.String)[pri:2, instance:testcases.LoginPageTest@56febdc]" started-at="2020-07-09T11:33:36Z" name="testLoginWithInvalidPass" data-provider="test_password" finished-at="2020-07-09T11:33:57Z" duration-ms="20626" status="PASS">
          <params>
            <param index="0">
              <value>
                <![CDATA[thaobtt@smartosc.com]]>
              </value>
            </param>
            <param index="1">
              <value>
                <![CDATA[@%#]]>
              </value>
            </param>
          </params>
          <reporter-output>
          </reporter-output>
        </test-method> <!-- testLoginWithInvalidPass -->
        <test-method signature="testLoginWithInvalidPass(java.lang.String, java.lang.String)[pri:2, instance:testcases.LoginPageTest@56febdc]" started-at="2020-07-09T11:33:57Z" name="testLoginWithInvalidPass" data-provider="test_password" finished-at="2020-07-09T11:34:14Z" duration-ms="16954" status="PASS">
          <params>
            <param index="0">
              <value>
                <![CDATA[thaobtt@smartosc.com]]>
              </value>
            </param>
            <param index="1">
              <value>
                <![CDATA[]]>
              </value>
            </param>
          </params>
          <reporter-output>
          </reporter-output>
        </test-method> <!-- testLoginWithInvalidPass -->
        <test-method signature="testLoginSuccessfull(java.lang.String, java.lang.String)[pri:3, instance:testcases.LoginPageTest@56febdc]" started-at="2020-07-09T11:34:14Z" name="testLoginSuccessfull" data-provider="test_successful" finished-at="2020-07-09T11:34:36Z" duration-ms="22348" status="PASS">
          <params>
            <param index="0">
              <value>
                <![CDATA[thaobtt@smartosc.com]]>
              </value>
            </param>
            <param index="1">
              <value>
                <![CDATA[Thao123456#]]>
              </value>
            </param>
          </params>
          <reporter-output>
          </reporter-output>
        </test-method> <!-- testLoginSuccessfull -->
        <test-method is-config="true" signature="tearDown()[pri:0, instance:testcases.LoginPageTest@56febdc]" started-at="2020-07-09T11:34:36Z" name="tearDown" finished-at="2020-07-09T11:34:37Z" duration-ms="964" status="PASS">
          <reporter-output>
          </reporter-output>
        </test-method> <!-- tearDown -->
      </class> <!-- testcases.LoginPageTest -->
    </test> <!-- Test Login -->
    <test started-at="2020-07-09T11:34:37Z" name="Test Logout" finished-at="2020-07-09T11:35:34Z" duration-ms="56438">
      <class name="testcases.LogoutPageTest">
        <test-method is-config="true" signature="initDriver()[pri:0, instance:testcases.LogoutPageTest@27e32fe4]" started-at="2020-07-09T11:34:37Z" name="initDriver" finished-at="2020-07-09T11:34:44Z" duration-ms="6559" status="PASS">
          <reporter-output>
          </reporter-output>
        </test-method> <!-- initDriver -->
        <test-method is-config="true" signature="preCondition()[pri:0, instance:testcases.LogoutPageTest@27e32fe4]" started-at="2020-07-09T11:34:44Z" name="preCondition" finished-at="2020-07-09T11:34:44Z" duration-ms="1" status="PASS">
          <reporter-output>
          </reporter-output>
        </test-method> <!-- preCondition -->
        <test-method signature="testLogout()[pri:0, instance:testcases.LogoutPageTest@27e32fe4]" started-at="2020-07-09T11:34:44Z" name="testLogout" finished-at="2020-07-09T11:35:33Z" duration-ms="48892" status="PASS">
          <reporter-output>
          </reporter-output>
        </test-method> <!-- testLogout -->
        <test-method is-config="true" signature="tearDown()[pri:0, instance:testcases.LogoutPageTest@27e32fe4]" started-at="2020-07-09T11:35:33Z" name="tearDown" finished-at="2020-07-09T11:35:34Z" duration-ms="982" status="PASS">
          <reporter-output>
          </reporter-output>
        </test-method> <!-- tearDown -->
      </class> <!-- testcases.LogoutPageTest -->
    </test> <!-- Test Logout -->
    <test started-at="2020-07-09T11:35:34Z" name="Test Signup" finished-at="2020-07-09T11:36:16Z" duration-ms="41780">
      <class name="testcases.SignupPageTest">
        <test-method is-config="true" signature="initDriver()[pri:0, instance:testcases.SignupPageTest@41d7b27f]" started-at="2020-07-09T11:35:34Z" name="initDriver" finished-at="2020-07-09T11:35:41Z" duration-ms="6839" status="PASS">
          <reporter-output>
          </reporter-output>
        </test-method> <!-- initDriver -->
        <test-method is-config="true" signature="preCondition()[pri:0, instance:testcases.SignupPageTest@41d7b27f]" started-at="2020-07-09T11:35:41Z" name="preCondition" finished-at="2020-07-09T11:35:41Z" duration-ms="2" status="PASS">
          <reporter-output>
          </reporter-output>
        </test-method> <!-- preCondition -->
        <test-method signature="testSignup()[pri:0, instance:testcases.SignupPageTest@41d7b27f]" started-at="2020-07-09T11:35:41Z" name="testSignup" finished-at="2020-07-09T11:36:15Z" duration-ms="33926" status="PASS">
          <reporter-output>
          </reporter-output>
        </test-method> <!-- testSignup -->
        <test-method is-config="true" signature="tearDown()[pri:0, instance:testcases.SignupPageTest@41d7b27f]" started-at="2020-07-09T11:36:15Z" name="tearDown" finished-at="2020-07-09T11:36:16Z" duration-ms="1007" status="PASS">
          <reporter-output>
          </reporter-output>
        </test-method> <!-- tearDown -->
      </class> <!-- testcases.SignupPageTest -->
    </test> <!-- Test Signup -->
    <test started-at="2020-07-09T11:36:16Z" name="Test HomePage" finished-at="2020-07-09T11:37:45Z" duration-ms="89546">
      <class name="testcases.HomePageTest">
        <test-method is-config="true" signature="initDriver()[pri:0, instance:testcases.HomePageTest@60f2e0bd]" started-at="2020-07-09T11:36:16Z" name="initDriver" finished-at="2020-07-09T11:36:22Z" duration-ms="6805" status="PASS">
          <reporter-output>
          </reporter-output>
        </test-method> <!-- initDriver -->
        <test-method is-config="true" signature="preCondition()[pri:0, instance:testcases.HomePageTest@60f2e0bd]" started-at="2020-07-09T11:36:22Z" name="preCondition" finished-at="2020-07-09T11:36:22Z" duration-ms="0" status="PASS">
          <reporter-output>
          </reporter-output>
        </test-method> <!-- preCondition -->
        <test-method signature="testClickOnAProduct()[pri:0, instance:testcases.HomePageTest@60f2e0bd]" started-at="2020-07-09T11:36:22Z" name="testClickOnAProduct" finished-at="2020-07-09T11:36:59Z" duration-ms="36545" status="PASS">
          <reporter-output>
          </reporter-output>
        </test-method> <!-- testClickOnAProduct -->
        <test-method signature="testClickOnCreateAnAccount()[pri:0, instance:testcases.HomePageTest@60f2e0bd]" started-at="2020-07-09T11:36:59Z" name="testClickOnCreateAnAccount" finished-at="2020-07-09T11:37:07Z" duration-ms="8433" status="PASS">
          <reporter-output>
          </reporter-output>
        </test-method> <!-- testClickOnCreateAnAccount -->
        <test-method signature="testClickOnSignIn()[pri:0, instance:testcases.HomePageTest@60f2e0bd]" started-at="2020-07-09T11:37:07Z" name="testClickOnSignIn" finished-at="2020-07-09T11:37:15Z" duration-ms="8012" status="PASS">
          <reporter-output>
          </reporter-output>
        </test-method> <!-- testClickOnSignIn -->
        <test-method signature="testOpenCategory()[pri:0, instance:testcases.HomePageTest@60f2e0bd]" started-at="2020-07-09T11:37:15Z" name="testOpenCategory" finished-at="2020-07-09T11:37:29Z" duration-ms="13636" status="PASS">
          <reporter-output>
          </reporter-output>
        </test-method> <!-- testOpenCategory -->
        <test-method signature="testSearchInvalidInput()[pri:0, instance:testcases.HomePageTest@60f2e0bd]" started-at="2020-07-09T11:37:29Z" name="testSearchInvalidInput" finished-at="2020-07-09T11:37:36Z" duration-ms="6684" status="PASS">
          <reporter-output>
          </reporter-output>
        </test-method> <!-- testSearchInvalidInput -->
        <test-method signature="testSearchValidInput()[pri:0, instance:testcases.HomePageTest@60f2e0bd]" started-at="2020-07-09T11:37:36Z" name="testSearchValidInput" finished-at="2020-07-09T11:37:44Z" duration-ms="8277" status="PASS">
          <reporter-output>
          </reporter-output>
        </test-method> <!-- testSearchValidInput -->
        <test-method is-config="true" signature="tearDown()[pri:0, instance:testcases.HomePageTest@60f2e0bd]" started-at="2020-07-09T11:37:44Z" name="tearDown" finished-at="2020-07-09T11:37:45Z" duration-ms="1140" status="PASS">
          <reporter-output>
          </reporter-output>
        </test-method> <!-- tearDown -->
      </class> <!-- testcases.HomePageTest -->
    </test> <!-- Test HomePage -->
    <test started-at="2020-07-09T11:37:45Z" name="Test My Account" finished-at="2020-07-09T11:41:09Z" duration-ms="203449">
      <class name="testcases.MyAccountPageTest">
        <test-method is-config="true" signature="initDriver()[pri:0, instance:testcases.MyAccountPageTest@4303b7f0]" started-at="2020-07-09T11:37:45Z" name="initDriver" finished-at="2020-07-09T11:37:52Z" duration-ms="6606" status="PASS">
          <reporter-output>
          </reporter-output>
        </test-method> <!-- initDriver -->
        <test-method is-config="true" signature="preCondition()[pri:0, instance:testcases.MyAccountPageTest@4303b7f0]" started-at="2020-07-09T11:37:52Z" name="preCondition" finished-at="2020-07-09T11:38:30Z" duration-ms="37818" status="PASS">
          <reporter-output>
          </reporter-output>
        </test-method> <!-- preCondition -->
        <test-method signature="testChangePasswordSuccessful(java.lang.String, java.lang.String, java.lang.String)[pri:1, instance:testcases.MyAccountPageTest@4303b7f0]" started-at="2020-07-09T11:38:30Z" name="testChangePasswordSuccessful" data-provider="change_password_successful" finished-at="2020-07-09T11:38:55Z" duration-ms="25529" status="PASS">
          <params>
            <param index="0">
              <value>
                <![CDATA[Thao123456#]]>
              </value>
            </param>
            <param index="1">
              <value>
                <![CDATA[Thao123456#]]>
              </value>
            </param>
            <param index="2">
              <value>
                <![CDATA[Thao123456#]]>
              </value>
            </param>
          </params>
          <reporter-output>
          </reporter-output>
        </test-method> <!-- testChangePasswordSuccessful -->
        <test-method signature="testChangePasswordWithInvalidCurrentPassword(java.lang.String, java.lang.String, java.lang.String)[pri:2, instance:testcases.MyAccountPageTest@4303b7f0]" started-at="2020-07-09T11:38:55Z" name="testChangePasswordWithInvalidCurrentPassword" data-provider="change_password_with_invalid_current_password" finished-at="2020-07-09T11:39:19Z" duration-ms="23923" status="PASS">
          <params>
            <param index="0">
              <value>
                <![CDATA[abcd]]>
              </value>
            </param>
            <param index="1">
              <value>
                <![CDATA[Thao123456#]]>
              </value>
            </param>
            <param index="2">
              <value>
                <![CDATA[Thao123456#]]>
              </value>
            </param>
          </params>
          <reporter-output>
          </reporter-output>
        </test-method> <!-- testChangePasswordWithInvalidCurrentPassword -->
        <test-method signature="testChangePasswordWithInvalidCurrentPassword(java.lang.String, java.lang.String, java.lang.String)[pri:2, instance:testcases.MyAccountPageTest@4303b7f0]" started-at="2020-07-09T11:39:19Z" name="testChangePasswordWithInvalidCurrentPassword" data-provider="change_password_with_invalid_current_password" finished-at="2020-07-09T11:40:26Z" duration-ms="66611" status="FAIL">
          <params>
            <param index="0">
              <value>
                <![CDATA[]]>
              </value>
            </param>
            <param index="1">
              <value>
                <![CDATA[Thao123456#]]>
              </value>
            </param>
            <param index="2">
              <value>
                <![CDATA[Thao123456#]]>
              </value>
            </param>
          </params>
          <exception class="org.openqa.selenium.TimeoutException">
            <message>
              <![CDATA[Expected condition failed: waiting for visibility of element located by By.xpath: //div[@class='panel header'][.//button[@class='action switch']]//a[contains(text(),'My Account')] (tried for 60 second(s) with 500 milliseconds interval)
Build info: version: '3.14.0', revision: 'aacccce0', time: '2018-08-02T20:19:58.91Z'
System info: host: 'DESKTOP-BP3T59L', ip: '192.168.11.101', os.name: 'Windows 10', os.arch: 'amd64', os.version: '10.0', java.version: '13.0.1'
Driver info: org.openqa.selenium.chrome.ChromeDriver
Capabilities {acceptInsecureCerts: false, browserName: chrome, browserVersion: 83.0.4103.116, chrome: {chromedriverVersion: 83.0.4103.39 (ccbf011cb2d2b..., userDataDir: C:\Users\User\AppData\Local...}, goog:chromeOptions: {debuggerAddress: localhost:57983}, javascriptEnabled: true, networkConnectionEnabled: false, pageLoadStrategy: normal, platform: WINDOWS, platformName: WINDOWS, proxy: Proxy(), setWindowRect: true, strictFileInteractability: false, timeouts: {implicit: 0, pageLoad: 300000, script: 30000}, unhandledPromptBehavior: dismiss and notify, webauthn:virtualAuthenticators: true}
Session ID: 6f3e5e4764383d2ed03d46f76c025713]]>
            </message>
            <full-stacktrace>
              <![CDATA[org.openqa.selenium.TimeoutException: Expected condition failed: waiting for visibility of element located by By.xpath: //div[@class='panel header'][.//button[@class='action switch']]//a[contains(text(),'My Account')] (tried for 60 second(s) with 500 milliseconds interval)
Build info: version: '3.14.0', revision: 'aacccce0', time: '2018-08-02T20:19:58.91Z'
System info: host: 'DESKTOP-BP3T59L', ip: '192.168.11.101', os.name: 'Windows 10', os.arch: 'amd64', os.version: '10.0', java.version: '13.0.1'
Driver info: org.openqa.selenium.chrome.ChromeDriver
Capabilities {acceptInsecureCerts: false, browserName: chrome, browserVersion: 83.0.4103.116, chrome: {chromedriverVersion: 83.0.4103.39 (ccbf011cb2d2b..., userDataDir: C:\Users\User\AppData\Local...}, goog:chromeOptions: {debuggerAddress: localhost:57983}, javascriptEnabled: true, networkConnectionEnabled: false, pageLoadStrategy: normal, platform: WINDOWS, platformName: WINDOWS, proxy: Proxy(), setWindowRect: true, strictFileInteractability: false, timeouts: {implicit: 0, pageLoad: 300000, script: 30000}, unhandledPromptBehavior: dismiss and notify, webauthn:virtualAuthenticators: true}
Session ID: 6f3e5e4764383d2ed03d46f76c025713
at org.openqa.selenium.support.ui.WebDriverWait.timeoutException(WebDriverWait.java:113)
at org.openqa.selenium.support.ui.FluentWait.until(FluentWait.java:283)
at utility.WaitUtility.waitUntilVisibility(WaitUtility.java:44)
at pages.HomePage.clickOnOption(HomePage.java:52)
at testcases.MyAccountPageTest.testChangePasswordWithInvalidCurrentPassword(MyAccountPageTest.java:47)
at java.base/jdk.internal.reflect.NativeMethodAccessorImpl.invoke0(Native Method)
at java.base/jdk.internal.reflect.NativeMethodAccessorImpl.invoke(NativeMethodAccessorImpl.java:62)
at java.base/jdk.internal.reflect.DelegatingMethodAccessorImpl.invoke(DelegatingMethodAccessorImpl.java:43)
at java.base/java.lang.reflect.Method.invoke(Method.java:567)
at org.testng.internal.MethodInvocationHelper.invokeMethod(MethodInvocationHelper.java:124)
at org.testng.internal.Invoker.invokeMethod(Invoker.java:583)
at org.testng.internal.Invoker.invokeTestMethod(Invoker.java:719)
at org.testng.internal.Invoker.invokeTestMethods(Invoker.java:989)
at org.testng.internal.TestMethodWorker.invokeTestMethods(TestMethodWorker.java:125)
at org.testng.internal.TestMethodWorker.run(TestMethodWorker.java:109)
at org.testng.TestRunner.privateRun(TestRunner.java:648)
at org.testng.TestRunner.run(TestRunner.java:505)
at org.testng.SuiteRunner.runTest(SuiteRunner.java:455)
at org.testng.SuiteRunner.access$000(SuiteRunner.java:40)
at org.testng.SuiteRunner$SuiteWorker.run(SuiteRunner.java:489)
at org.testng.internal.thread.ThreadUtil$1.call(ThreadUtil.java:52)
at java.base/java.util.concurrent.FutureTask.run(FutureTask.java:264)
at java.base/java.util.concurrent.ThreadPoolExecutor.runWorker(ThreadPoolExecutor.java:1128)
at java.base/java.util.concurrent.ThreadPoolExecutor$Worker.run(ThreadPoolExecutor.java:628)
at java.base/java.lang.Thread.run(Thread.java:830)
]]>
            </full-stacktrace>
          </exception> <!-- org.openqa.selenium.TimeoutException -->
          <reporter-output>
          </reporter-output>
        </test-method> <!-- testChangePasswordWithInvalidCurrentPassword -->
        <test-method signature="testChangePasswordWithInvalidConfirmPassword(java.lang.String, java.lang.String, java.lang.String)[pri:3, instance:testcases.MyAccountPageTest@4303b7f0]" started-at="2020-07-09T11:40:26Z" name="testChangePasswordWithInvalidConfirmPassword" data-provider="change_password_with_invalid_confirm_password" finished-at="2020-07-09T11:40:44Z" duration-ms="18286" status="PASS">
          <params>
            <param index="0">
              <value>
                <![CDATA[Thao123456#]]>
              </value>
            </param>
            <param index="1">
              <value>
                <![CDATA[Thao123456#]]>
              </value>
            </param>
            <param index="2">
              <value>
                <![CDATA[ahihi do ngoc]]>
              </value>
            </param>
          </params>
          <reporter-output>
          </reporter-output>
        </test-method> <!-- testChangePasswordWithInvalidConfirmPassword -->
        <test-method signature="testChangeBillingAddressSuccessful(java.lang.String, java.lang.String, java.lang.String, java.lang.String, java.lang.String, java.lang.String, java.lang.String)[pri:4, instance:testcases.MyAccountPageTest@4303b7f0]" started-at="2020-07-09T11:40:44Z" name="testChangeBillingAddressSuccessful" data-provider="change_billing_address_successful" finished-at="2020-07-09T11:41:07Z" duration-ms="23084" status="PASS">
          <params>
            <param index="0">
              <value>
                <![CDATA[ahihi]]>
              </value>
            </param>
            <param index="1">
              <value>
                <![CDATA[do ngoc]]>
              </value>
            </param>
            <param index="2">
              <value>
                <![CDATA[12345678]]>
              </value>
            </param>
            <param index="3">
              <value>
                <![CDATA[Ha Noi]]>
              </value>
            </param>
            <param index="4">
              <value>
                <![CDATA[Ha Noi]]>
              </value>
            </param>
            <param index="5">
              <value>
                <![CDATA[A1B 2C3]]>
              </value>
            </param>
            <param index="6">
              <value>
                <![CDATA[Canada]]>
              </value>
            </param>
          </params>
          <reporter-output>
          </reporter-output>
        </test-method> <!-- testChangeBillingAddressSuccessful -->
        <test-method is-config="true" signature="tearDown()[pri:0, instance:testcases.MyAccountPageTest@4303b7f0]" started-at="2020-07-09T11:41:07Z" name="tearDown" finished-at="2020-07-09T11:41:09Z" duration-ms="1365" status="PASS">
          <reporter-output>
          </reporter-output>
        </test-method> <!-- tearDown -->
      </class> <!-- testcases.MyAccountPageTest -->
    </test> <!-- Test My Account -->
    <test started-at="2020-07-09T11:41:09Z" name="Test Wishlist Page" finished-at="2020-07-09T11:42:49Z" duration-ms="100227">
      <class name="testcases.WishlistPageTest">
        <test-method is-config="true" signature="initDriver()[pri:0, instance:testcases.WishlistPageTest@14bae047]" started-at="2020-07-09T11:41:09Z" name="initDriver" finished-at="2020-07-09T11:41:15Z" duration-ms="6687" status="PASS">
          <reporter-output>
          </reporter-output>
        </test-method> <!-- initDriver -->
        <test-method is-config="true" signature="preCondition()[pri:0, instance:testcases.WishlistPageTest@14bae047]" started-at="2020-07-09T11:41:15Z" name="preCondition" finished-at="2020-07-09T11:41:16Z" depends-on-methods="testcases.BaseTest.initDriver" duration-ms="300" status="PASS">
          <reporter-output>
          </reporter-output>
        </test-method> <!-- preCondition -->
        <test-method signature="clearAllProductInWishlist()[pri:1, instance:testcases.WishlistPageTest@14bae047]" started-at="2020-07-09T11:41:16Z" name="clearAllProductInWishlist" finished-at="2020-07-09T11:42:16Z" duration-ms="60735" status="PASS">
          <reporter-output>
          </reporter-output>
        </test-method> <!-- clearAllProductInWishlist -->
        <test-method signature="addProducts()[pri:2, instance:testcases.WishlistPageTest@14bae047]" started-at="2020-07-09T11:42:16Z" name="addProducts" finished-at="2020-07-09T11:42:46Z" duration-ms="29265" status="PASS">
          <reporter-output>
          </reporter-output>
        </test-method> <!-- addProducts -->
        <test-method signature="verifyThreeButton()[pri:3, instance:testcases.WishlistPageTest@14bae047]" started-at="2020-07-09T11:42:46Z" name="verifyThreeButton" finished-at="2020-07-09T11:42:47Z" duration-ms="938" status="PASS">
          <reporter-output>
          </reporter-output>
        </test-method> <!-- verifyThreeButton -->
        <test-method signature="verifyProductInfoInWishList()[pri:4, instance:testcases.WishlistPageTest@14bae047]" started-at="2020-07-09T11:42:47Z" name="verifyProductInfoInWishList" finished-at="2020-07-09T11:42:48Z" duration-ms="997" status="PASS">
          <reporter-output>
          </reporter-output>
        </test-method> <!-- verifyProductInfoInWishList -->
        <test-method is-config="true" signature="tearDown()[pri:0, instance:testcases.WishlistPageTest@14bae047]" started-at="2020-07-09T11:42:48Z" name="tearDown" finished-at="2020-07-09T11:42:49Z" duration-ms="1296" status="PASS">
          <reporter-output>
          </reporter-output>
        </test-method> <!-- tearDown -->
      </class> <!-- testcases.WishlistPageTest -->
    </test> <!-- Test Wishlist Page -->
    <test started-at="2020-07-09T11:42:49Z" name="Test Category Page" finished-at="2020-07-09T11:45:50Z" duration-ms="181367">
      <class name="testcases.CategoryPageTest">
        <test-method is-config="true" signature="initDriver()[pri:0, instance:testcases.CategoryPageTest@5491f68b]" started-at="2020-07-09T11:42:49Z" name="initDriver" finished-at="2020-07-09T11:42:56Z" duration-ms="7092" status="PASS">
          <reporter-output>
          </reporter-output>
        </test-method> <!-- initDriver -->
        <test-method is-config="true" signature="preCondition()[pri:0, instance:testcases.CategoryPageTest@5491f68b]" started-at="2020-07-09T11:42:56Z" name="preCondition" finished-at="2020-07-09T11:43:37Z" depends-on-methods="testcases.BaseTest.initDriver" duration-ms="40795" status="PASS">
          <reporter-output>
          </reporter-output>
        </test-method> <!-- preCondition -->
        <test-method signature="verifySortByPrice()[pri:1, instance:testcases.CategoryPageTest@5491f68b]" started-at="2020-07-09T11:43:37Z" name="verifySortByPrice" finished-at="2020-07-09T11:44:56Z" duration-ms="78946" status="PASS">
          <reporter-output>
          </reporter-output>
        </test-method> <!-- verifySortByPrice -->
        <test-method signature="addProductsToCartPage()[pri:2, instance:testcases.CategoryPageTest@5491f68b]" started-at="2020-07-09T11:44:56Z" name="addProductsToCartPage" finished-at="2020-07-09T11:45:00Z" duration-ms="4708" status="PASS">
          <reporter-output>
          </reporter-output>
        </test-method> <!-- addProductsToCartPage -->
        <test-method signature="verifyProductInfoInWishlistOnLeftBar()[pri:3, instance:testcases.CategoryPageTest@5491f68b]" started-at="2020-07-09T11:45:00Z" name="verifyProductInfoInWishlistOnLeftBar" finished-at="2020-07-09T11:45:18Z" duration-ms="17387" status="PASS">
          <reporter-output>
          </reporter-output>
        </test-method> <!-- verifyProductInfoInWishlistOnLeftBar -->
        <test-method signature="verifyProductInfoInCompareOnLeftBar()[pri:4, instance:testcases.CategoryPageTest@5491f68b]" started-at="2020-07-09T11:45:18Z" name="verifyProductInfoInCompareOnLeftBar" finished-at="2020-07-09T11:45:32Z" duration-ms="14113" status="PASS">
          <reporter-output>
          </reporter-output>
        </test-method> <!-- verifyProductInfoInCompareOnLeftBar -->
        <test-method signature="verifyFilter()[pri:5, instance:testcases.CategoryPageTest@5491f68b]" started-at="2020-07-09T11:45:32Z" name="verifyFilter" finished-at="2020-07-09T11:45:49Z" duration-ms="16855" status="PASS">
          <reporter-output>
          </reporter-output>
        </test-method> <!-- verifyFilter -->
        <test-method is-config="true" signature="tearDown()[pri:0, instance:testcases.CategoryPageTest@5491f68b]" started-at="2020-07-09T11:45:49Z" name="tearDown" finished-at="2020-07-09T11:45:50Z" duration-ms="1459" status="PASS">
          <reporter-output>
          </reporter-output>
        </test-method> <!-- tearDown -->
      </class> <!-- testcases.CategoryPageTest -->
    </test> <!-- Test Category Page -->
    <test started-at="2020-07-09T11:45:50Z" name="Test Checkout Page" finished-at="2020-07-09T11:48:16Z" duration-ms="145281">
      <class name="testcases.CheckoutPageTest">
        <test-method is-config="true" signature="initDriver()[pri:0, instance:testcases.CheckoutPageTest@6a933be2]" started-at="2020-07-09T11:45:50Z" name="initDriver" finished-at="2020-07-09T11:45:57Z" duration-ms="7046" status="PASS">
          <reporter-output>
          </reporter-output>
        </test-method> <!-- initDriver -->
        <test-method is-config="true" signature="preCondition()[pri:0, instance:testcases.CheckoutPageTest@6a933be2]" started-at="2020-07-09T11:45:57Z" name="preCondition" finished-at="2020-07-09T11:45:57Z" depends-on-methods="testcases.BaseTest.initDriver" duration-ms="7" status="PASS">
          <reporter-output>
          </reporter-output>
        </test-method> <!-- preCondition -->
        <test-method signature="verifyCheckOutpage()[pri:0, instance:testcases.CheckoutPageTest@6a933be2]" started-at="2020-07-09T11:45:57Z" name="verifyCheckOutpage" finished-at="2020-07-09T11:48:14Z" duration-ms="136931" status="PASS">
          <reporter-output>
          </reporter-output>
        </test-method> <!-- verifyCheckOutpage -->
        <test-method is-config="true" signature="tearDown()[pri:0, instance:testcases.CheckoutPageTest@6a933be2]" started-at="2020-07-09T11:48:14Z" name="tearDown" finished-at="2020-07-09T11:48:16Z" duration-ms="1293" status="PASS">
          <reporter-output>
          </reporter-output>
        </test-method> <!-- tearDown -->
      </class> <!-- testcases.CheckoutPageTest -->
    </test> <!-- Test Checkout Page -->
  </suite> <!-- Verify Magento  -->
</testng-results>
