<?xml version="1.0" encoding="UTF-8"?>
<testsuite xmlns:xsi="http://www.w3.org/2001/XMLSchema-instance" xsi:schemaLocation="https://maven.apache.org/surefire/maven-surefire-plugin/xsd/surefire-test-report.xsd" name="TestSuite" time="955.256" tests="28" errors="0" skipped="0" failures="1">
  <properties>
[...]
</properties>
  <testcase name="testLoginWithInvalidEmail" classname="testcases.LoginPageTest" time="32.847"/>
  <testcase name="testLoginWithInvalidEmail" classname="testcases.LoginPageTest" time="17.514"/>
  <testcase name="testLoginWithInvalidPass" classname="testcases.LoginPageTest" time="20.62"/>
  <testcase name="testLoginWithInvalidPass" classname="testcases.LoginPageTest" time="16.972"/>
  <testcase name="testLoginSuccessfull" classname="testcases.LoginPageTest" time="22.345"/>
  <testcase name="testLogout" classname="testcases.LogoutPageTest" time="48.892"/>
  <testcase name="testSignup" classname="testcases.SignupPageTest" time="33.923"/>
  <testcase name="testClickOnAProduct" classname="testcases.HomePageTest" time="36.543"/>
  <testcase name="testClickOnCreateAnAccount" classname="testcases.HomePageTest" time="8.43"/>
  <testcase name="testClickOnSignIn" classname="testcases.HomePageTest" time="8.011"/>
  <testcase name="testOpenCategory" classname="testcases.HomePageTest" time="13.634"/>
  <testcase name="testSearchInvalidInput" classname="testcases.HomePageTest" time="6.683"/>
  <testcase name="testSearchValidInput" classname="testcases.HomePageTest" time="8.275"/>
  <testcase name="testChangePasswordSuccessful" classname="testcases.MyAccountPageTest" time="25.523"/>
  <testcase name="testChangePasswordWithInvalidCurrentPassword" classname="testcases.MyAccountPageTest" time="23.921"/>
  <testcase name="testChangePasswordWithInvalidCurrentPassword" classname="testcases.MyAccountPageTest" time="66.8">
    <failure message="Expected condition failed: waiting for visibility of element located by By.xpath: //div[@class=&apos;panel header&apos;][.//button[@class=&apos;action switch&apos;]]//a[contains(text(),&apos;My Account&apos;)] (tried for 60 second(s) with 500 milliseconds interval)&#10;Build info: version: &apos;3.14.0&apos;, revision: &apos;aacccce0&apos;, time: &apos;2018-08-02T20:19:58.91Z&apos;&#10;System info: host: &apos;DESKTOP-BP3T59L&apos;, ip: &apos;192.168.11.101&apos;, os.name: &apos;Windows 10&apos;, os.arch: &apos;amd64&apos;, os.version: &apos;10.0&apos;, java.version: &apos;13.0.1&apos;&#10;Driver info: org.openqa.selenium.chrome.ChromeDriver&#10;Capabilities {acceptInsecureCerts: false, browserName: chrome, browserVersion: 83.0.4103.116, chrome: {chromedriverVersion: 83.0.4103.39 (ccbf011cb2d2b..., userDataDir: C:\Users\User\AppData\Local...}, goog:chromeOptions: {debuggerAddress: localhost:57983}, javascriptEnabled: true, networkConnectionEnabled: false, pageLoadStrategy: normal, platform: WINDOWS, platformName: WINDOWS, proxy: Proxy(), setWindowRect: true, strictFileInteractability: false, timeouts: {implicit: 0, pageLoad: 300000, script: 30000}, unhandledPromptBehavior: dismiss and notify, webauthn:virtualAuthenticators: true}&#10;Session ID: 6f3e5e4764383d2ed03d46f76c025713" type="org.openqa.selenium.TimeoutException">org.openqa.selenium.TimeoutException: 
Expected condition failed: waiting for visibility of element located by By.xpath: //div[@class='panel header'][.//button[@class='action switch']]//a[contains(text(),'My Account')] (tried for 60 second(s) with 500 milliseconds interval)
Build info: version: '3.14.0', revision: 'aacccce0', time: '2018-08-02T20:19:58.91Z'
System info: host: 'DESKTOP-BP3T59L', ip: '192.168.11.101', os.name: 'Windows 10', os.arch: 'amd64', os.version: '10.0', java.version: '13.0.1'
Driver info: org.openqa.selenium.chrome.ChromeDriver
Capabilities {acceptInsecureCerts: false, browserName: chrome, browserVersion: 83.0.4103.116, chrome: {chromedriverVersion: 83.0.4103.39 (ccbf011cb2d2b..., userDataDir: C:\Users\User\AppData\Local...}, goog:chromeOptions: {debuggerAddress: localhost:57983}, javascriptEnabled: true, networkConnectionEnabled: false, pageLoadStrategy: normal, platform: WINDOWS, platformName: WINDOWS, proxy: Proxy(), setWindowRect: true, strictFileInteractability: false, timeouts: {implicit: 0, pageLoad: 300000, script: 30000}, unhandledPromptBehavior: dismiss and notify, webauthn:virtualAuthenticators: true}
Session ID: 6f3e5e4764383d2ed03d46f76c025713
	at testcases.MyAccountPageTest.testChangePasswordWithInvalidCurrentPassword(MyAccountPageTest.java:47)
</failure>
  </testcase>
  <testcase name="testChangePasswordWithInvalidConfirmPassword" classname="testcases.MyAccountPageTest" time="18.284"/>
  <testcase name="testChangeBillingAddressSuccessful" classname="testcases.MyAccountPageTest" time="23.084"/>
  <testcase name="clearAllProductInWishlist" classname="testcases.WishlistPageTest" time="60.735"/>
  <testcase name="addProducts" classname="testcases.WishlistPageTest" time="29.264"/>
  <testcase name="verifyThreeButton" classname="testcases.WishlistPageTest" time="0.937"/>
  <testcase name="verifyProductInfoInWishList" classname="testcases.WishlistPageTest" time="0.996"/>
  <testcase name="verifySortByPrice" classname="testcases.CategoryPageTest" time="78.944"/>
  <testcase name="addProductsToCartPage" classname="testcases.CategoryPageTest" time="4.706"/>
  <testcase name="verifyProductInfoInWishlistOnLeftBar" classname="testcases.CategoryPageTest" time="17.386"/>
  <testcase name="verifyProductInfoInCompareOnLeftBar" classname="testcases.CategoryPageTest" time="14.111"/>
  <testcase name="verifyFilter" classname="testcases.CategoryPageTest" time="16.854"/>
  <testcase name="verifyCheckOutpage" classname="testcases.CheckoutPageTest" time="136.929"/>
</testsuite>