<?xml version="1.0" encoding="UTF-8"?>
<!-- Generated by org.testng.reporters.JUnitXMLReporter -->
<testsuite ignored="0" hostname="DESKTOP-BP3T59L" failures="0" tests="5" name="Default test" time="121.032" errors="0" timestamp="07 Jul 2020 08:57:39 GMT">
  <testcase classname="testcases.LoginPageTest" name="testLoginWithInvalidEmail" time="31.496"/>
  <testcase classname="testcases.LoginPageTest" name="testLoginWithInvalidEmail" time="15.558"/>
  <testcase classname="testcases.LoginPageTest" name="testLoginWithInvalidPass" time="21.264"/>
  <testcase classname="testcases.LoginPageTest" name="testLoginWithInvalidPass" time="16.724"/>
  <testcase classname="testcases.LoginPageTest" name="testLoginSuccessfull" time="22.377"/>
</testsuite> <!-- Default test -->
